[2025-12-09T12:51:53.875+0000] {local_task_job_runner.py:120} INFO - ::group::Pre task execution logs
[2025-12-09T12:51:53.910+0000] {taskinstance.py:2076} INFO - Dependencies all met for dep_context=non-requeueable deps ti=<TaskInstance: bronze_ingestion_pipeline.run_connector manual__2025-12-09T12:51:51.928518+00:00 [queued]>
[2025-12-09T12:51:53.922+0000] {taskinstance.py:2076} INFO - Dependencies all met for dep_context=requeueable deps ti=<TaskInstance: bronze_ingestion_pipeline.run_connector manual__2025-12-09T12:51:51.928518+00:00 [queued]>
[2025-12-09T12:51:53.923+0000] {taskinstance.py:2306} INFO - Starting attempt 1 of 1
[2025-12-09T12:51:53.939+0000] {taskinstance.py:2330} INFO - Executing <Task(DockerOperator): run_connector> on 2025-12-09 12:51:51.928518+00:00
[2025-12-09T12:51:53.946+0000] {standard_task_runner.py:64} INFO - Started process 46 to run task
[2025-12-09T12:51:53.951+0000] {standard_task_runner.py:90} INFO - Running: ['***', 'tasks', 'run', 'bronze_ingestion_pipeline', 'run_connector', 'manual__2025-12-09T12:51:51.928518+00:00', '--job-id', '3', '--raw', '--subdir', 'DAGS_FOLDER/ingestion_dag.py', '--cfg-path', '/tmp/tmpgpc6xss9']
[2025-12-09T12:51:53.953+0000] {standard_task_runner.py:91} INFO - Job 3: Subtask run_connector
[2025-12-09T12:51:54.030+0000] {task_command.py:426} INFO - Running <TaskInstance: bronze_ingestion_pipeline.run_connector manual__2025-12-09T12:51:51.928518+00:00 [running]> on host d873686846bd
[2025-12-09T12:51:54.149+0000] {taskinstance.py:2648} INFO - Exporting env vars: AIRFLOW_CTX_DAG_OWNER='***' AIRFLOW_CTX_DAG_ID='bronze_ingestion_pipeline' AIRFLOW_CTX_TASK_ID='run_connector' AIRFLOW_CTX_EXECUTION_DATE='2025-12-09T12:51:51.928518+00:00' AIRFLOW_CTX_TRY_NUMBER='1' AIRFLOW_CTX_DAG_RUN_ID='manual__2025-12-09T12:51:51.928518+00:00'
[2025-12-09T12:51:54.151+0000] {taskinstance.py:430} INFO - ::endgroup::
[2025-12-09T12:51:54.242+0000] {docker.py:367} INFO - Starting docker container from image postgres-minio-iceberg-trino-connector
[2025-12-09T12:51:54.248+0000] {taskinstance.py:441} INFO - ::group::Post task execution logs
[2025-12-09T12:51:54.249+0000] {taskinstance.py:2905} ERROR - Task failed with exception
Traceback (most recent call last):
  File "/home/airflow/.local/lib/python3.10/site-packages/docker/api/client.py", line 275, in _raise_for_status
    response.raise_for_status()
  File "/home/airflow/.local/lib/python3.10/site-packages/requests/models.py", line 1021, in raise_for_status
    raise HTTPError(http_error_msg, response=self)
requests.exceptions.HTTPError: 409 Client Error: Conflict for url: http+docker://localhost/v1.51/containers/create?name=connector_service

The above exception was the direct cause of the following exception:

Traceback (most recent call last):
  File "/home/airflow/.local/lib/python3.10/site-packages/airflow/models/taskinstance.py", line 465, in _execute_task
    result = _execute_callable(context=context, **execute_callable_kwargs)
  File "/home/airflow/.local/lib/python3.10/site-packages/airflow/models/taskinstance.py", line 432, in _execute_callable
    return execute_callable(context=context, **execute_callable_kwargs)
  File "/home/airflow/.local/lib/python3.10/site-packages/airflow/models/baseoperator.py", line 401, in wrapper
    return func(self, *args, **kwargs)
  File "/home/airflow/.local/lib/python3.10/site-packages/airflow/providers/docker/operators/docker.py", line 513, in execute
    return self._run_image()
  File "/home/airflow/.local/lib/python3.10/site-packages/airflow/providers/docker/operators/docker.py", line 384, in _run_image
    return self._run_image_with_mounts(self.mounts, add_tmp_variable=False)
  File "/home/airflow/.local/lib/python3.10/site-packages/airflow/providers/docker/operators/docker.py", line 399, in _run_image_with_mounts
    self.container = self.cli.create_container(
  File "/home/airflow/.local/lib/python3.10/site-packages/docker/api/container.py", line 440, in create_container
    return self.create_container_from_config(config, name, platform)
  File "/home/airflow/.local/lib/python3.10/site-packages/docker/api/container.py", line 457, in create_container_from_config
    return self._result(res, True)
  File "/home/airflow/.local/lib/python3.10/site-packages/docker/api/client.py", line 281, in _result
    self._raise_for_status(response)
  File "/home/airflow/.local/lib/python3.10/site-packages/docker/api/client.py", line 277, in _raise_for_status
    raise create_api_error_from_http_exception(e) from e
  File "/home/airflow/.local/lib/python3.10/site-packages/docker/errors.py", line 39, in create_api_error_from_http_exception
    raise cls(e, response=response, explanation=explanation) from e
docker.errors.APIError: 409 Client Error for http+docker://localhost/v1.51/containers/create?name=connector_service: Conflict ("Conflict. The container name "/connector_service" is already in use by container "e135d6ce60e6d0d05df3893f560dc7390688e4f4ed7f04fe26ac12c9d2057bed". You have to remove (or rename) that container to be able to reuse that name.")
[2025-12-09T12:51:54.265+0000] {taskinstance.py:1206} INFO - Marking task as FAILED. dag_id=bronze_ingestion_pipeline, task_id=run_connector, run_id=manual__2025-12-09T12:51:51.928518+00:00, execution_date=20251209T125151, start_date=20251209T125153, end_date=20251209T125154
[2025-12-09T12:51:54.283+0000] {standard_task_runner.py:110} ERROR - Failed to execute job 3 for task run_connector (409 Client Error for http+docker://localhost/v1.51/containers/create?name=connector_service: Conflict ("Conflict. The container name "/connector_service" is already in use by container "e135d6ce60e6d0d05df3893f560dc7390688e4f4ed7f04fe26ac12c9d2057bed". You have to remove (or rename) that container to be able to reuse that name."); 46)
[2025-12-09T12:51:54.325+0000] {local_task_job_runner.py:243} INFO - Task exited with return code 1
[2025-12-09T12:51:54.353+0000] {taskinstance.py:3503} INFO - 0 downstream tasks scheduled from follow-on schedule check
[2025-12-09T12:51:54.356+0000] {local_task_job_runner.py:222} INFO - ::endgroup::
